[Fri Mar 15 10:07:36.327911 2024] [ssl:warn] [pid 5780:tid 360] AH01909: www.example.com:443:0 server certificate does NOT include an ID which matches the server name
[Fri Mar 15 10:07:36.356571 2024] [ssl:warn] [pid 5780:tid 360] AH01909: www.example.com:443:0 server certificate does NOT include an ID which matches the server name
[Fri Mar 15 10:07:36.719845 2024] [mpm_winnt:notice] [pid 5780:tid 360] AH00455: Apache/2.4.58 (Win64) OpenSSL/3.1.3 PHP/8.2.12 configured -- resuming normal operations
[Fri Mar 15 10:07:36.719845 2024] [mpm_winnt:notice] [pid 5780:tid 360] AH00456: Apache Lounge VS17 Server built: Oct 18 2023 13:03:18
[Fri Mar 15 10:07:36.719845 2024] [core:notice] [pid 5780:tid 360] AH00094: Command line: 'd:\\pidh\\ums\\praktikum-web\\xampp\\apache\\bin\\httpd.exe -d D:/Pidh/UMS/Praktikum-Web/xampp/apache'
[Fri Mar 15 10:07:36.719845 2024] [mpm_winnt:notice] [pid 5780:tid 360] AH00418: Parent: Created child process 12576
[Fri Mar 15 10:07:36.956882 2024] [ssl:warn] [pid 12576:tid 352] AH01909: www.example.com:443:0 server certificate does NOT include an ID which matches the server name
[Fri Mar 15 10:07:36.974490 2024] [ssl:warn] [pid 12576:tid 352] AH01909: www.example.com:443:0 server certificate does NOT include an ID which matches the server name
[Fri Mar 15 10:07:37.005326 2024] [mpm_winnt:notice] [pid 12576:tid 352] AH00354: Child: Starting 150 worker threads.
[Fri Mar 15 10:08:08.651698 2024] [php:warn] [pid 12576:tid 1904] [client ::1:1924] PHP Warning:  Undefined array key "nama" in D:\\Pidh\\UMS\\Praktikum-Web\\xampp\\htdocs\\L200224217\\variable.php on line 18
[Fri Mar 15 10:08:08.651698 2024] [php:warn] [pid 12576:tid 1904] [client ::1:1924] PHP Warning:  Undefined array key "email" in D:\\Pidh\\UMS\\Praktikum-Web\\xampp\\htdocs\\L200224217\\variable.php on line 19
[Fri Mar 15 10:08:08.651698 2024] [php:warn] [pid 12576:tid 1904] [client ::1:1924] PHP Warning:  Undefined array key "komentar" in D:\\Pidh\\UMS\\Praktikum-Web\\xampp\\htdocs\\L200224217\\variable.php on line 20
[Fri Mar 15 10:08:08.651698 2024] [php:warn] [pid 12576:tid 1904] [client ::1:1924] PHP Warning:  Undefined array key "submit" in D:\\Pidh\\UMS\\Praktikum-Web\\xampp\\htdocs\\L200224217\\variable.php on line 21
[Fri Mar 15 10:08:18.608569 2024] [php:warn] [pid 12576:tid 1900] [client ::1:1925] PHP Warning:  Undefined array key "nama" in D:\\Pidh\\UMS\\Praktikum-Web\\xampp\\htdocs\\L200224217\\Modul_2\\variable.php on line 18
[Fri Mar 15 10:08:18.608569 2024] [php:warn] [pid 12576:tid 1900] [client ::1:1925] PHP Warning:  Undefined array key "email" in D:\\Pidh\\UMS\\Praktikum-Web\\xampp\\htdocs\\L200224217\\Modul_2\\variable.php on line 19
[Fri Mar 15 10:08:18.608569 2024] [php:warn] [pid 12576:tid 1900] [client ::1:1925] PHP Warning:  Undefined array key "komentar" in D:\\Pidh\\UMS\\Praktikum-Web\\xampp\\htdocs\\L200224217\\Modul_2\\variable.php on line 20
[Fri Mar 15 10:08:18.608569 2024] [php:warn] [pid 12576:tid 1900] [client ::1:1925] PHP Warning:  Undefined array key "submit" in D:\\Pidh\\UMS\\Praktikum-Web\\xampp\\htdocs\\L200224217\\Modul_2\\variable.php on line 21
[Fri Mar 15 10:08:41.089388 2024] [php:warn] [pid 12576:tid 1904] [client ::1:1932] PHP Warning:  Undefined array key "nama" in D:\\Pidh\\UMS\\Praktikum-Web\\xampp\\htdocs\\L200224217\\Modul_2\\tanggal.php on line 19
[Fri Mar 15 10:08:41.089388 2024] [php:warn] [pid 12576:tid 1904] [client ::1:1932] PHP Warning:  Undefined array key "email" in D:\\Pidh\\UMS\\Praktikum-Web\\xampp\\htdocs\\L200224217\\Modul_2\\tanggal.php on line 20
[Fri Mar 15 10:08:41.089388 2024] [php:warn] [pid 12576:tid 1904] [client ::1:1932] PHP Warning:  Undefined array key "komentar" in D:\\Pidh\\UMS\\Praktikum-Web\\xampp\\htdocs\\L200224217\\Modul_2\\tanggal.php on line 21
[Fri Mar 15 10:08:41.089388 2024] [php:warn] [pid 12576:tid 1904] [client ::1:1932] PHP Warning:  Undefined array key "submit" in D:\\Pidh\\UMS\\Praktikum-Web\\xampp\\htdocs\\L200224217\\Modul_2\\tanggal.php on line 22
